2025-06-17 12:07:30 [main] INFO  com.utilities.MyListerner - test suite execution started
2025-06-17 12:08:04 [main] INFO  com.utilities.MyListerner - Test cases Execution is started
2025-06-17 12:08:11 [main] INFO  com.utilities.MyListerner - Test cases is pass
2025-06-17 12:08:11 [main] INFO  com.utilities.MyListerner - Test suite execution ios completed
2025-06-17 12:11:43 [main] INFO  com.utilities.MyListerner - test suite execution started
2025-06-17 12:11:54 [main] INFO  com.utilities.MyListerner - Test cases Execution is started= testValidData
2025-06-17 12:11:58 [main] INFO  com.utilities.MyListerner - Test cases is pass= testValidData
2025-06-17 12:11:58 [main] INFO  com.utilities.MyListerner - Test suite execution is completed
2025-06-17 12:22:09 [main] INFO  com.utilities.MyListerner - test suite execution started
2025-06-17 12:22:12 [main] INFO  com.utilities.MyListerner - Test cases Execution is started= testEmailId
2025-06-17 12:22:14 [main] INFO  com.utilities.MyListerner - Test cases is failed= testEmailId
2025-06-17 12:22:19 [main] INFO  com.utilities.MyListerner - Test cases Execution is started= testValidData
2025-06-17 12:22:21 [main] INFO  com.utilities.MyListerner - Test cases is pass= testValidData
2025-06-17 12:22:21 [main] INFO  com.utilities.MyListerner - Test suite execution is completed
2025-06-17 12:24:44 [main] INFO  com.utilities.MyListerner - test suite execution started
2025-06-17 12:24:47 [main] INFO  com.utilities.MyListerner - Test cases Execution is started= testEmailId
2025-06-17 12:24:48 [main] INFO  com.utilities.MyListerner - Test cases is failed= testEmailId
2025-06-17 12:24:50 [main] INFO  com.utilities.MyListerner - Test cases Execution is started= testValidData
2025-06-17 12:24:52 [main] INFO  com.utilities.MyListerner - Test cases is pass= testValidData
2025-06-17 12:24:52 [main] INFO  com.utilities.MyListerner - Test suite execution is completed
2025-06-17 12:30:22 [main] INFO  com.utilities.MyListerner - test suite execution started
2025-06-17 12:30:24 [main] INFO  com.utilities.MyListerner - Test cases Execution is started= testEmailId
2025-06-17 12:30:25 [main] INFO  com.utilities.MyListerner - Test cases is failed= testEmailId
2025-06-17 12:30:27 [main] INFO  com.utilities.MyListerner - Test cases Execution is started= testValidData
2025-06-17 12:30:30 [main] INFO  com.utilities.MyListerner - Test cases is pass= testValidData
2025-06-17 12:30:30 [main] INFO  com.utilities.MyListerner - Test suite execution is completed
2025-06-18 13:07:13 [main] INFO  com.utilities.MyListerner - test suite execution started
2025-06-18 13:07:14 [main] DEBUG org.apache.poi.openxml4j.opc.PackageRelationshipCollection - Parsing relationship: /xl/_rels/workbook.xml.rels
2025-06-18 13:07:14 [main] DEBUG org.apache.poi.openxml4j.opc.PackageRelationshipCollection - Parsing relationship: /xl/worksheets/_rels/sheet1.xml.rels
2025-06-18 13:07:14 [main] DEBUG org.apache.poi.openxml4j.opc.PackageRelationshipCollection - Parsing relationship: /xl/worksheets/_rels/sheet2.xml.rels
2025-06-18 13:07:14 [main] DEBUG org.apache.poi.openxml4j.opc.PackageRelationshipCollection - Parsing relationship: /xl/worksheets/_rels/sheet3.xml.rels
2025-06-18 13:07:14 [main] DEBUG org.apache.poi.openxml4j.opc.PackageRelationshipCollection - Parsing relationship: /_rels/.rels
2025-06-18 13:07:15 [main] DEBUG org.apache.poi.ooxml.POIXMLFactory - using default POIXMLDocumentPart for http://schemas.openxmlformats.org/officeDocument/2006/relationships/printerSettings
2025-06-18 13:07:15 [main] DEBUG org.apache.poi.ooxml.POIXMLFactory - using default POIXMLDocumentPart for http://schemas.openxmlformats.org/officeDocument/2006/relationships/printerSettings
2025-06-18 13:07:15 [main] DEBUG org.apache.poi.ooxml.POIXMLFactory - using default POIXMLDocumentPart for http://schemas.openxmlformats.org/officeDocument/2006/relationships/printerSettings
2025-06-18 13:07:15 [main] INFO  com.utilities.MyListerner - Test cases is failed= testRegister
2025-06-18 13:07:15 [main] INFO  com.utilities.MyListerner - Test suite execution is completed
2025-06-18 13:08:49 [main] INFO  com.utilities.MyListerner - test suite execution started
2025-06-18 13:08:49 [main] DEBUG org.apache.poi.openxml4j.opc.PackageRelationshipCollection - Parsing relationship: /xl/_rels/workbook.xml.rels
2025-06-18 13:08:49 [main] DEBUG org.apache.poi.openxml4j.opc.PackageRelationshipCollection - Parsing relationship: /xl/worksheets/_rels/sheet1.xml.rels
2025-06-18 13:08:49 [main] DEBUG org.apache.poi.openxml4j.opc.PackageRelationshipCollection - Parsing relationship: /xl/worksheets/_rels/sheet2.xml.rels
2025-06-18 13:08:49 [main] DEBUG org.apache.poi.openxml4j.opc.PackageRelationshipCollection - Parsing relationship: /xl/worksheets/_rels/sheet3.xml.rels
2025-06-18 13:08:49 [main] DEBUG org.apache.poi.openxml4j.opc.PackageRelationshipCollection - Parsing relationship: /_rels/.rels
2025-06-18 13:08:50 [main] DEBUG org.apache.poi.ooxml.POIXMLFactory - using default POIXMLDocumentPart for http://schemas.openxmlformats.org/officeDocument/2006/relationships/printerSettings
2025-06-18 13:08:50 [main] DEBUG org.apache.poi.ooxml.POIXMLFactory - using default POIXMLDocumentPart for http://schemas.openxmlformats.org/officeDocument/2006/relationships/printerSettings
2025-06-18 13:08:50 [main] DEBUG org.apache.poi.ooxml.POIXMLFactory - using default POIXMLDocumentPart for http://schemas.openxmlformats.org/officeDocument/2006/relationships/printerSettings
2025-06-18 13:08:50 [main] INFO  com.utilities.MyListerner - Test cases is failed= testRegister
2025-06-18 13:08:50 [main] INFO  com.utilities.MyListerner - Test suite execution is completed
2025-06-18 13:15:25 [main] INFO  com.utilities.MyListerner - test suite execution started
2025-06-18 13:15:26 [main] DEBUG org.apache.poi.openxml4j.opc.PackageRelationshipCollection - Parsing relationship: /xl/_rels/workbook.xml.rels
2025-06-18 13:15:26 [main] DEBUG org.apache.poi.openxml4j.opc.PackageRelationshipCollection - Parsing relationship: /xl/worksheets/_rels/sheet1.xml.rels
2025-06-18 13:15:26 [main] DEBUG org.apache.poi.openxml4j.opc.PackageRelationshipCollection - Parsing relationship: /xl/worksheets/_rels/sheet2.xml.rels
2025-06-18 13:15:26 [main] DEBUG org.apache.poi.openxml4j.opc.PackageRelationshipCollection - Parsing relationship: /xl/worksheets/_rels/sheet3.xml.rels
2025-06-18 13:15:26 [main] DEBUG org.apache.poi.openxml4j.opc.PackageRelationshipCollection - Parsing relationship: /_rels/.rels
2025-06-18 13:15:27 [main] DEBUG org.apache.poi.ooxml.POIXMLFactory - using default POIXMLDocumentPart for http://schemas.openxmlformats.org/officeDocument/2006/relationships/printerSettings
2025-06-18 13:15:27 [main] DEBUG org.apache.poi.ooxml.POIXMLFactory - using default POIXMLDocumentPart for http://schemas.openxmlformats.org/officeDocument/2006/relationships/printerSettings
2025-06-18 13:15:27 [main] DEBUG org.apache.poi.ooxml.POIXMLFactory - using default POIXMLDocumentPart for http://schemas.openxmlformats.org/officeDocument/2006/relationships/printerSettings
2025-06-18 13:15:27 [main] INFO  com.utilities.MyListerner - Test cases is failed= testRegister
2025-06-18 13:15:27 [main] INFO  com.utilities.MyListerner - Test suite execution is completed
2025-06-18 13:18:14 [main] INFO  com.utilities.MyListerner - test suite execution started
2025-06-18 13:18:15 [main] DEBUG org.apache.poi.openxml4j.opc.PackageRelationshipCollection - Parsing relationship: /xl/_rels/workbook.xml.rels
2025-06-18 13:18:15 [main] DEBUG org.apache.poi.openxml4j.opc.PackageRelationshipCollection - Parsing relationship: /xl/worksheets/_rels/sheet1.xml.rels
2025-06-18 13:18:15 [main] DEBUG org.apache.poi.openxml4j.opc.PackageRelationshipCollection - Parsing relationship: /xl/worksheets/_rels/sheet2.xml.rels
2025-06-18 13:18:15 [main] DEBUG org.apache.poi.openxml4j.opc.PackageRelationshipCollection - Parsing relationship: /xl/worksheets/_rels/sheet3.xml.rels
2025-06-18 13:18:15 [main] DEBUG org.apache.poi.openxml4j.opc.PackageRelationshipCollection - Parsing relationship: /_rels/.rels
2025-06-18 13:18:15 [main] DEBUG org.apache.poi.ooxml.POIXMLFactory - using default POIXMLDocumentPart for http://schemas.openxmlformats.org/officeDocument/2006/relationships/printerSettings
2025-06-18 13:18:15 [main] DEBUG org.apache.poi.ooxml.POIXMLFactory - using default POIXMLDocumentPart for http://schemas.openxmlformats.org/officeDocument/2006/relationships/printerSettings
2025-06-18 13:18:15 [main] DEBUG org.apache.poi.ooxml.POIXMLFactory - using default POIXMLDocumentPart for http://schemas.openxmlformats.org/officeDocument/2006/relationships/printerSettings
2025-06-18 13:18:16 [main] INFO  com.utilities.MyListerner - Test cases is failed= testRegister
2025-06-18 13:18:16 [main] INFO  com.utilities.MyListerner - Test suite execution is completed
2025-06-18 13:21:55 [main] INFO  com.utilities.MyListerner - test suite execution started
2025-06-18 13:21:55 [main] DEBUG org.apache.poi.openxml4j.opc.PackageRelationshipCollection - Parsing relationship: /xl/_rels/workbook.xml.rels
2025-06-18 13:21:55 [main] DEBUG org.apache.poi.openxml4j.opc.PackageRelationshipCollection - Parsing relationship: /xl/worksheets/_rels/sheet1.xml.rels
2025-06-18 13:21:55 [main] DEBUG org.apache.poi.openxml4j.opc.PackageRelationshipCollection - Parsing relationship: /xl/worksheets/_rels/sheet2.xml.rels
2025-06-18 13:21:55 [main] DEBUG org.apache.poi.openxml4j.opc.PackageRelationshipCollection - Parsing relationship: /xl/worksheets/_rels/sheet3.xml.rels
2025-06-18 13:21:55 [main] DEBUG org.apache.poi.openxml4j.opc.PackageRelationshipCollection - Parsing relationship: /_rels/.rels
2025-06-18 13:21:56 [main] DEBUG org.apache.poi.ooxml.POIXMLFactory - using default POIXMLDocumentPart for http://schemas.openxmlformats.org/officeDocument/2006/relationships/printerSettings
2025-06-18 13:21:56 [main] DEBUG org.apache.poi.ooxml.POIXMLFactory - using default POIXMLDocumentPart for http://schemas.openxmlformats.org/officeDocument/2006/relationships/printerSettings
2025-06-18 13:21:56 [main] DEBUG org.apache.poi.ooxml.POIXMLFactory - using default POIXMLDocumentPart for http://schemas.openxmlformats.org/officeDocument/2006/relationships/printerSettings
2025-06-18 13:21:57 [main] INFO  com.utilities.MyListerner - Test cases is failed= testRegister
2025-06-18 13:21:57 [main] INFO  com.utilities.MyListerner - Test suite execution is completed
2025-06-18 13:33:38 [main] INFO  com.utilities.MyListerner - test suite execution started
2025-06-18 13:33:38 [main] DEBUG org.apache.poi.openxml4j.opc.PackageRelationshipCollection - Parsing relationship: /xl/_rels/workbook.xml.rels
2025-06-18 13:33:38 [main] DEBUG org.apache.poi.openxml4j.opc.PackageRelationshipCollection - Parsing relationship: /xl/worksheets/_rels/sheet1.xml.rels
2025-06-18 13:33:38 [main] DEBUG org.apache.poi.openxml4j.opc.PackageRelationshipCollection - Parsing relationship: /xl/worksheets/_rels/sheet2.xml.rels
2025-06-18 13:33:38 [main] DEBUG org.apache.poi.openxml4j.opc.PackageRelationshipCollection - Parsing relationship: /xl/worksheets/_rels/sheet3.xml.rels
2025-06-18 13:33:38 [main] DEBUG org.apache.poi.openxml4j.opc.PackageRelationshipCollection - Parsing relationship: /_rels/.rels
2025-06-18 13:33:39 [main] DEBUG org.apache.poi.ooxml.POIXMLFactory - using default POIXMLDocumentPart for http://schemas.openxmlformats.org/officeDocument/2006/relationships/printerSettings
2025-06-18 13:33:39 [main] DEBUG org.apache.poi.ooxml.POIXMLFactory - using default POIXMLDocumentPart for http://schemas.openxmlformats.org/officeDocument/2006/relationships/printerSettings
2025-06-18 13:33:39 [main] DEBUG org.apache.poi.ooxml.POIXMLFactory - using default POIXMLDocumentPart for http://schemas.openxmlformats.org/officeDocument/2006/relationships/printerSettings
2025-06-18 13:33:39 [main] INFO  com.utilities.MyListerner - Test cases is failed= testRegister
2025-06-18 13:33:39 [main] INFO  com.utilities.MyListerner - Test suite execution is completed
2025-06-19 11:18:10 [main] INFO  com.utilities.MyListerner - test suite execution started
2025-06-19 11:18:10 [main] DEBUG org.apache.poi.openxml4j.opc.PackageRelationshipCollection - Parsing relationship: /xl/_rels/workbook.xml.rels
2025-06-19 11:18:10 [main] DEBUG org.apache.poi.openxml4j.opc.PackageRelationshipCollection - Parsing relationship: /xl/worksheets/_rels/sheet1.xml.rels
2025-06-19 11:18:10 [main] DEBUG org.apache.poi.openxml4j.opc.PackageRelationshipCollection - Parsing relationship: /xl/worksheets/_rels/sheet2.xml.rels
2025-06-19 11:18:10 [main] DEBUG org.apache.poi.openxml4j.opc.PackageRelationshipCollection - Parsing relationship: /xl/worksheets/_rels/sheet3.xml.rels
2025-06-19 11:18:10 [main] DEBUG org.apache.poi.openxml4j.opc.PackageRelationshipCollection - Parsing relationship: /_rels/.rels
2025-06-19 11:18:11 [main] DEBUG org.apache.poi.ooxml.POIXMLFactory - using default POIXMLDocumentPart for http://schemas.openxmlformats.org/officeDocument/2006/relationships/printerSettings
2025-06-19 11:18:11 [main] DEBUG org.apache.poi.ooxml.POIXMLFactory - using default POIXMLDocumentPart for http://schemas.openxmlformats.org/officeDocument/2006/relationships/printerSettings
2025-06-19 11:18:11 [main] DEBUG org.apache.poi.ooxml.POIXMLFactory - using default POIXMLDocumentPart for http://schemas.openxmlformats.org/officeDocument/2006/relationships/printerSettings
2025-06-19 11:18:11 [main] INFO  com.utilities.MyListerner - Test cases is failed= testRegister
2025-06-19 11:18:11 [main] INFO  com.utilities.MyListerner - Test suite execution is completed
